[22:48:20] [main/INFO]: Setting user: Player777
[22:48:23] [Client thread/INFO]: LWJGL Version: 2.9.0
[22:48:23] [Client thread/ERROR]: Couldn't set icon
javax.imageio.IIOException: Can't read input file!
	at javax.imageio.ImageIO.read(Unknown Source) ~[?:1.7.0_60]
	at net.minecraft.client.Minecraft.readImage(Minecraft.java:641) ~[Minecraft.class:?]
	at net.minecraft.client.Minecraft.startGame(Minecraft.java:470) [Minecraft.class:?]
	at net.minecraft.client.Minecraft.run(Minecraft.java:892) [Minecraft.class:?]
	at net.minecraft.client.main.Main.main(Main.java:112) [Main.class:?]
	at sun.reflect.NativeMethodAccessorImpl.invoke0(Native Method) ~[?:1.7.0_60]
	at sun.reflect.NativeMethodAccessorImpl.invoke(Unknown Source) ~[?:1.7.0_60]
	at sun.reflect.DelegatingMethodAccessorImpl.invoke(Unknown Source) ~[?:1.7.0_60]
	at java.lang.reflect.Method.invoke(Unknown Source) ~[?:1.7.0_60]
	at net.minecraft.launchwrapper.Launch.launch(Launch.java:134) [launchwrapper-1.9.jar:?]
	at net.minecraft.launchwrapper.Launch.main(Launch.java:28) [launchwrapper-1.9.jar:?]
[22:48:36] [Client thread/INFO]: Reloading ResourceManager: Default, FMLFileResourcePack:Forge Mod Loader, FMLFileResourcePack:Minecraft Forge, FMLFileResourcePack:NarutoCraft-Pl Mod
[22:48:37] [Client thread/WARN]: Invalid sounds.json
java.lang.NullPointerException
	at net.minecraft.client.audio.SoundHandler.onResourceManagerReload(SoundHandler.java:84) [SoundHandler.class:?]
	at net.minecraft.client.resources.SimpleReloadableResourceManager.registerReloadListener(SimpleReloadableResourceManager.java:124) [SimpleReloadableResourceManager.class:?]
	at net.minecraft.client.Minecraft.startGame(Minecraft.java:527) [Minecraft.class:?]
	at net.minecraft.client.Minecraft.run(Minecraft.java:892) [Minecraft.class:?]
	at net.minecraft.client.main.Main.main(Main.java:112) [Main.class:?]
	at sun.reflect.NativeMethodAccessorImpl.invoke0(Native Method) ~[?:1.7.0_60]
	at sun.reflect.NativeMethodAccessorImpl.invoke(Unknown Source) ~[?:1.7.0_60]
	at sun.reflect.DelegatingMethodAccessorImpl.invoke(Unknown Source) ~[?:1.7.0_60]
	at java.lang.reflect.Method.invoke(Unknown Source) ~[?:1.7.0_60]
	at net.minecraft.launchwrapper.Launch.launch(Launch.java:134) [launchwrapper-1.9.jar:?]
	at net.minecraft.launchwrapper.Launch.main(Launch.java:28) [launchwrapper-1.9.jar:?]
[22:48:38] [Sound Library Loader/INFO]: Sound engine started
[22:48:39] [Client thread/ERROR]: Using missing texture, unable to load narutocraft:textures/blocks/byoin.png
java.io.FileNotFoundException: narutocraft:textures/blocks/byoin.png
	at net.minecraft.client.resources.FallbackResourceManager.getResource(FallbackResourceManager.java:65) ~[FallbackResourceManager.class:?]
	at net.minecraft.client.resources.SimpleReloadableResourceManager.getResource(SimpleReloadableResourceManager.java:67) ~[SimpleReloadableResourceManager.class:?]
	at net.minecraft.client.renderer.texture.TextureMap.loadTextureAtlas(TextureMap.java:126) [TextureMap.class:?]
	at net.minecraft.client.renderer.texture.TextureMap.loadTexture(TextureMap.java:91) [TextureMap.class:?]
	at net.minecraft.client.renderer.texture.TextureManager.loadTexture(TextureManager.java:89) [TextureManager.class:?]
	at net.minecraft.client.renderer.texture.TextureManager.loadTickableTexture(TextureManager.java:71) [TextureManager.class:?]
	at net.minecraft.client.renderer.texture.TextureManager.loadTextureMap(TextureManager.java:58) [TextureManager.class:?]
	at net.minecraft.client.Minecraft.startGame(Minecraft.java:581) [Minecraft.class:?]
	at net.minecraft.client.Minecraft.run(Minecraft.java:892) [Minecraft.class:?]
	at net.minecraft.client.main.Main.main(Main.java:112) [Main.class:?]
	at sun.reflect.NativeMethodAccessorImpl.invoke0(Native Method) ~[?:1.7.0_60]
	at sun.reflect.NativeMethodAccessorImpl.invoke(Unknown Source) ~[?:1.7.0_60]
	at sun.reflect.DelegatingMethodAccessorImpl.invoke(Unknown Source) ~[?:1.7.0_60]
	at java.lang.reflect.Method.invoke(Unknown Source) ~[?:1.7.0_60]
	at net.minecraft.launchwrapper.Launch.launch(Launch.java:134) [launchwrapper-1.9.jar:?]
	at net.minecraft.launchwrapper.Launch.main(Launch.java:28) [launchwrapper-1.9.jar:?]
[22:48:39] [Client thread/INFO]: Created: 512x256 textures/blocks-atlas
[22:48:39] [Client thread/ERROR]: Using missing texture, unable to load narutocraft:textures/items/jutsu/FukimiHari.png
java.io.FileNotFoundException: narutocraft:textures/items/jutsu/FukimiHari.png
	at net.minecraft.client.resources.FallbackResourceManager.getResource(FallbackResourceManager.java:65) ~[FallbackResourceManager.class:?]
	at net.minecraft.client.resources.SimpleReloadableResourceManager.getResource(SimpleReloadableResourceManager.java:67) ~[SimpleReloadableResourceManager.class:?]
	at net.minecraft.client.renderer.texture.TextureMap.loadTextureAtlas(TextureMap.java:126) [TextureMap.class:?]
	at net.minecraft.client.renderer.texture.TextureMap.loadTexture(TextureMap.java:91) [TextureMap.class:?]
	at net.minecraft.client.renderer.texture.TextureManager.loadTexture(TextureManager.java:89) [TextureManager.class:?]
	at net.minecraft.client.renderer.texture.TextureManager.loadTickableTexture(TextureManager.java:71) [TextureManager.class:?]
	at net.minecraft.client.renderer.texture.TextureManager.loadTextureMap(TextureManager.java:58) [TextureManager.class:?]
	at net.minecraft.client.Minecraft.startGame(Minecraft.java:582) [Minecraft.class:?]
	at net.minecraft.client.Minecraft.run(Minecraft.java:892) [Minecraft.class:?]
	at net.minecraft.client.main.Main.main(Main.java:112) [Main.class:?]
	at sun.reflect.NativeMethodAccessorImpl.invoke0(Native Method) ~[?:1.7.0_60]
	at sun.reflect.NativeMethodAccessorImpl.invoke(Unknown Source) ~[?:1.7.0_60]
	at sun.reflect.DelegatingMethodAccessorImpl.invoke(Unknown Source) ~[?:1.7.0_60]
	at java.lang.reflect.Method.invoke(Unknown Source) ~[?:1.7.0_60]
	at net.minecraft.launchwrapper.Launch.launch(Launch.java:134) [launchwrapper-1.9.jar:?]
	at net.minecraft.launchwrapper.Launch.main(Launch.java:28) [launchwrapper-1.9.jar:?]
[22:48:40] [Client thread/ERROR]: Using missing texture, unable to load narutocraft:textures/items/jutsu/Dokugiri.png
java.io.FileNotFoundException: narutocraft:textures/items/jutsu/Dokugiri.png
	at net.minecraft.client.resources.FallbackResourceManager.getResource(FallbackResourceManager.java:65) ~[FallbackResourceManager.class:?]
	at net.minecraft.client.resources.SimpleReloadableResourceManager.getResource(SimpleReloadableResourceManager.java:67) ~[SimpleReloadableResourceManager.class:?]
	at net.minecraft.client.renderer.texture.TextureMap.loadTextureAtlas(TextureMap.java:126) [TextureMap.class:?]
	at net.minecraft.client.renderer.texture.TextureMap.loadTexture(TextureMap.java:91) [TextureMap.class:?]
	at net.minecraft.client.renderer.texture.TextureManager.loadTexture(TextureManager.java:89) [TextureManager.class:?]
	at net.minecraft.client.renderer.texture.TextureManager.loadTickableTexture(TextureManager.java:71) [TextureManager.class:?]
	at net.minecraft.client.renderer.texture.TextureManager.loadTextureMap(TextureManager.java:58) [TextureManager.class:?]
	at net.minecraft.client.Minecraft.startGame(Minecraft.java:582) [Minecraft.class:?]
	at net.minecraft.client.Minecraft.run(Minecraft.java:892) [Minecraft.class:?]
	at net.minecraft.client.main.Main.main(Main.java:112) [Main.class:?]
	at sun.reflect.NativeMethodAccessorImpl.invoke0(Native Method) ~[?:1.7.0_60]
	at sun.reflect.NativeMethodAccessorImpl.invoke(Unknown Source) ~[?:1.7.0_60]
	at sun.reflect.DelegatingMethodAccessorImpl.invoke(Unknown Source) ~[?:1.7.0_60]
	at java.lang.reflect.Method.invoke(Unknown Source) ~[?:1.7.0_60]
	at net.minecraft.launchwrapper.Launch.launch(Launch.java:134) [launchwrapper-1.9.jar:?]
	at net.minecraft.launchwrapper.Launch.main(Launch.java:28) [launchwrapper-1.9.jar:?]
[22:48:40] [Client thread/ERROR]: Using missing texture, unable to load narutocraft:textures/items/jutsu/Fuma Ninken.png
java.io.FileNotFoundException: narutocraft:textures/items/jutsu/Fuma Ninken.png
	at net.minecraft.client.resources.FallbackResourceManager.getResource(FallbackResourceManager.java:65) ~[FallbackResourceManager.class:?]
	at net.minecraft.client.resources.SimpleReloadableResourceManager.getResource(SimpleReloadableResourceManager.java:67) ~[SimpleReloadableResourceManager.class:?]
	at net.minecraft.client.renderer.texture.TextureMap.loadTextureAtlas(TextureMap.java:126) [TextureMap.class:?]
	at net.minecraft.client.renderer.texture.TextureMap.loadTexture(TextureMap.java:91) [TextureMap.class:?]
	at net.minecraft.client.renderer.texture.TextureManager.loadTexture(TextureManager.java:89) [TextureManager.class:?]
	at net.minecraft.client.renderer.texture.TextureManager.loadTickableTexture(TextureManager.java:71) [TextureManager.class:?]
	at net.minecraft.client.renderer.texture.TextureManager.loadTextureMap(TextureManager.java:58) [TextureManager.class:?]
	at net.minecraft.client.Minecraft.startGame(Minecraft.java:582) [Minecraft.class:?]
	at net.minecraft.client.Minecraft.run(Minecraft.java:892) [Minecraft.class:?]
	at net.minecraft.client.main.Main.main(Main.java:112) [Main.class:?]
	at sun.reflect.NativeMethodAccessorImpl.invoke0(Native Method) ~[?:1.7.0_60]
	at sun.reflect.NativeMethodAccessorImpl.invoke(Unknown Source) ~[?:1.7.0_60]
	at sun.reflect.DelegatingMethodAccessorImpl.invoke(Unknown Source) ~[?:1.7.0_60]
	at java.lang.reflect.Method.invoke(Unknown Source) ~[?:1.7.0_60]
	at net.minecraft.launchwrapper.Launch.launch(Launch.java:134) [launchwrapper-1.9.jar:?]
	at net.minecraft.launchwrapper.Launch.main(Launch.java:28) [launchwrapper-1.9.jar:?]
[22:48:40] [Client thread/ERROR]: Using missing texture, unable to load narutocraft:textures/items/jutsu/ShunshinNoJutsu.png
java.io.FileNotFoundException: narutocraft:textures/items/jutsu/ShunshinNoJutsu.png
	at net.minecraft.client.resources.FallbackResourceManager.getResource(FallbackResourceManager.java:65) ~[FallbackResourceManager.class:?]
	at net.minecraft.client.resources.SimpleReloadableResourceManager.getResource(SimpleReloadableResourceManager.java:67) ~[SimpleReloadableResourceManager.class:?]
	at net.minecraft.client.renderer.texture.TextureMap.loadTextureAtlas(TextureMap.java:126) [TextureMap.class:?]
	at net.minecraft.client.renderer.texture.TextureMap.loadTexture(TextureMap.java:91) [TextureMap.class:?]
	at net.minecraft.client.renderer.texture.TextureManager.loadTexture(TextureManager.java:89) [TextureManager.class:?]
	at net.minecraft.client.renderer.texture.TextureManager.loadTickableTexture(TextureManager.java:71) [TextureManager.class:?]
	at net.minecraft.client.renderer.texture.TextureManager.loadTextureMap(TextureManager.java:58) [TextureManager.class:?]
	at net.minecraft.client.Minecraft.startGame(Minecraft.java:582) [Minecraft.class:?]
	at net.minecraft.client.Minecraft.run(Minecraft.java:892) [Minecraft.class:?]
	at net.minecraft.client.main.Main.main(Main.java:112) [Main.class:?]
	at sun.reflect.NativeMethodAccessorImpl.invoke0(Native Method) ~[?:1.7.0_60]
	at sun.reflect.NativeMethodAccessorImpl.invoke(Unknown Source) ~[?:1.7.0_60]
	at sun.reflect.DelegatingMethodAccessorImpl.invoke(Unknown Source) ~[?:1.7.0_60]
	at java.lang.reflect.Method.invoke(Unknown Source) ~[?:1.7.0_60]
	at net.minecraft.launchwrapper.Launch.launch(Launch.java:134) [launchwrapper-1.9.jar:?]
	at net.minecraft.launchwrapper.Launch.main(Launch.java:28) [launchwrapper-1.9.jar:?]
[22:48:40] [Client thread/ERROR]: Using missing texture, unable to load narutocraft:textures/items/jutsu/KosaHo.png
java.io.FileNotFoundException: narutocraft:textures/items/jutsu/KosaHo.png
	at net.minecraft.client.resources.FallbackResourceManager.getResource(FallbackResourceManager.java:65) ~[FallbackResourceManager.class:?]
	at net.minecraft.client.resources.SimpleReloadableResourceManager.getResource(SimpleReloadableResourceManager.java:67) ~[SimpleReloadableResourceManager.class:?]
	at net.minecraft.client.renderer.texture.TextureMap.loadTextureAtlas(TextureMap.java:126) [TextureMap.class:?]
	at net.minecraft.client.renderer.texture.TextureMap.loadTexture(TextureMap.java:91) [TextureMap.class:?]
	at net.minecraft.client.renderer.texture.TextureManager.loadTexture(TextureManager.java:89) [TextureManager.class:?]
	at net.minecraft.client.renderer.texture.TextureManager.loadTickableTexture(TextureManager.java:71) [TextureManager.class:?]
	at net.minecraft.client.renderer.texture.TextureManager.loadTextureMap(TextureManager.java:58) [TextureManager.class:?]
	at net.minecraft.client.Minecraft.startGame(Minecraft.java:582) [Minecraft.class:?]
	at net.minecraft.client.Minecraft.run(Minecraft.java:892) [Minecraft.class:?]
	at net.minecraft.client.main.Main.main(Main.java:112) [Main.class:?]
	at sun.reflect.NativeMethodAccessorImpl.invoke0(Native Method) ~[?:1.7.0_60]
	at sun.reflect.NativeMethodAccessorImpl.invoke(Unknown Source) ~[?:1.7.0_60]
	at sun.reflect.DelegatingMethodAccessorImpl.invoke(Unknown Source) ~[?:1.7.0_60]
	at java.lang.reflect.Method.invoke(Unknown Source) ~[?:1.7.0_60]
	at net.minecraft.launchwrapper.Launch.launch(Launch.java:134) [launchwrapper-1.9.jar:?]
	at net.minecraft.launchwrapper.Launch.main(Launch.java:28) [launchwrapper-1.9.jar:?]
[22:48:40] [Client thread/ERROR]: Using missing texture, unable to load narutocraft:textures/items/jutsu/OdamaRasengan.png
java.io.FileNotFoundException: narutocraft:textures/items/jutsu/OdamaRasengan.png
	at net.minecraft.client.resources.FallbackResourceManager.getResource(FallbackResourceManager.java:65) ~[FallbackResourceManager.class:?]
	at net.minecraft.client.resources.SimpleReloadableResourceManager.getResource(SimpleReloadableResourceManager.java:67) ~[SimpleReloadableResourceManager.class:?]
	at net.minecraft.client.renderer.texture.TextureMap.loadTextureAtlas(TextureMap.java:126) [TextureMap.class:?]
	at net.minecraft.client.renderer.texture.TextureMap.loadTexture(TextureMap.java:91) [TextureMap.class:?]
	at net.minecraft.client.renderer.texture.TextureManager.loadTexture(TextureManager.java:89) [TextureManager.class:?]
	at net.minecraft.client.renderer.texture.TextureManager.loadTickableTexture(TextureManager.java:71) [TextureManager.class:?]
	at net.minecraft.client.renderer.texture.TextureManager.loadTextureMap(TextureManager.java:58) [TextureManager.class:?]
	at net.minecraft.client.Minecraft.startGame(Minecraft.java:582) [Minecraft.class:?]
	at net.minecraft.client.Minecraft.run(Minecraft.java:892) [Minecraft.class:?]
	at net.minecraft.client.main.Main.main(Main.java:112) [Main.class:?]
	at sun.reflect.NativeMethodAccessorImpl.invoke0(Native Method) ~[?:1.7.0_60]
	at sun.reflect.NativeMethodAccessorImpl.invoke(Unknown Source) ~[?:1.7.0_60]
	at sun.reflect.DelegatingMethodAccessorImpl.invoke(Unknown Source) ~[?:1.7.0_60]
	at java.lang.reflect.Method.invoke(Unknown Source) ~[?:1.7.0_60]
	at net.minecraft.launchwrapper.Launch.launch(Launch.java:134) [launchwrapper-1.9.jar:?]
	at net.minecraft.launchwrapper.Launch.main(Launch.java:28) [launchwrapper-1.9.jar:?]
[22:48:40] [Client thread/ERROR]: Using missing texture, unable to load narutocraft:textures/items/jutsu/ChioOdamaRasengan.png
java.io.FileNotFoundException: narutocraft:textures/items/jutsu/ChioOdamaRasengan.png
	at net.minecraft.client.resources.FallbackResourceManager.getResource(FallbackResourceManager.java:65) ~[FallbackResourceManager.class:?]
	at net.minecraft.client.resources.SimpleReloadableResourceManager.getResource(SimpleReloadableResourceManager.java:67) ~[SimpleReloadableResourceManager.class:?]
	at net.minecraft.client.renderer.texture.TextureMap.loadTextureAtlas(TextureMap.java:126) [TextureMap.class:?]
	at net.minecraft.client.renderer.texture.TextureMap.loadTexture(TextureMap.java:91) [TextureMap.class:?]
	at net.minecraft.client.renderer.texture.TextureManager.loadTexture(TextureManager.java:89) [TextureManager.class:?]
	at net.minecraft.client.renderer.texture.TextureManager.loadTickableTexture(TextureManager.java:71) [TextureManager.class:?]
	at net.minecraft.client.renderer.texture.TextureManager.loadTextureMap(TextureManager.java:58) [TextureManager.class:?]
	at net.minecraft.client.Minecraft.startGame(Minecraft.java:582) [Minecraft.class:?]
	at net.minecraft.client.Minecraft.run(Minecraft.java:892) [Minecraft.class:?]
	at net.minecraft.client.main.Main.main(Main.java:112) [Main.class:?]
	at sun.reflect.NativeMethodAccessorImpl.invoke0(Native Method) ~[?:1.7.0_60]
	at sun.reflect.NativeMethodAccessorImpl.invoke(Unknown Source) ~[?:1.7.0_60]
	at sun.reflect.DelegatingMethodAccessorImpl.invoke(Unknown Source) ~[?:1.7.0_60]
	at java.lang.reflect.Method.invoke(Unknown Source) ~[?:1.7.0_60]
	at net.minecraft.launchwrapper.Launch.launch(Launch.java:134) [launchwrapper-1.9.jar:?]
	at net.minecraft.launchwrapper.Launch.main(Launch.java:28) [launchwrapper-1.9.jar:?]
[22:48:40] [Client thread/ERROR]: Using missing texture, unable to load narutocraft:textures/items/jutsu/KawarimiNoJutsu.png
java.io.FileNotFoundException: narutocraft:textures/items/jutsu/KawarimiNoJutsu.png
	at net.minecraft.client.resources.FallbackResourceManager.getResource(FallbackResourceManager.java:65) ~[FallbackResourceManager.class:?]
	at net.minecraft.client.resources.SimpleReloadableResourceManager.getResource(SimpleReloadableResourceManager.java:67) ~[SimpleReloadableResourceManager.class:?]
	at net.minecraft.client.renderer.texture.TextureMap.loadTextureAtlas(TextureMap.java:126) [TextureMap.class:?]
	at net.minecraft.client.renderer.texture.TextureMap.loadTexture(TextureMap.java:91) [TextureMap.class:?]
	at net.minecraft.client.renderer.texture.TextureManager.loadTexture(TextureManager.java:89) [TextureManager.class:?]
	at net.minecraft.client.renderer.texture.TextureManager.loadTickableTexture(TextureManager.java:71) [TextureManager.class:?]
	at net.minecraft.client.renderer.texture.TextureManager.loadTextureMap(TextureManager.java:58) [TextureManager.class:?]
	at net.minecraft.client.Minecraft.startGame(Minecraft.java:582) [Minecraft.class:?]
	at net.minecraft.client.Minecraft.run(Minecraft.java:892) [Minecraft.class:?]
	at net.minecraft.client.main.Main.main(Main.java:112) [Main.class:?]
	at sun.reflect.NativeMethodAccessorImpl.invoke0(Native Method) ~[?:1.7.0_60]
	at sun.reflect.NativeMethodAccessorImpl.invoke(Unknown Source) ~[?:1.7.0_60]
	at sun.reflect.DelegatingMethodAccessorImpl.invoke(Unknown Source) ~[?:1.7.0_60]
	at java.lang.reflect.Method.invoke(Unknown Source) ~[?:1.7.0_60]
	at net.minecraft.launchwrapper.Launch.launch(Launch.java:134) [launchwrapper-1.9.jar:?]
	at net.minecraft.launchwrapper.Launch.main(Launch.java:28) [launchwrapper-1.9.jar:?]
[22:48:40] [Client thread/ERROR]: Using missing texture, unable to load narutocraft:textures/items/weapons/ChioRyuuGatana.png
java.io.FileNotFoundException: narutocraft:textures/items/weapons/ChioRyuuGatana.png
	at net.minecraft.client.resources.FallbackResourceManager.getResource(FallbackResourceManager.java:65) ~[FallbackResourceManager.class:?]
	at net.minecraft.client.resources.SimpleReloadableResourceManager.getResource(SimpleReloadableResourceManager.java:67) ~[SimpleReloadableResourceManager.class:?]
	at net.minecraft.client.renderer.texture.TextureMap.loadTextureAtlas(TextureMap.java:126) [TextureMap.class:?]
	at net.minecraft.client.renderer.texture.TextureMap.loadTexture(TextureMap.java:91) [TextureMap.class:?]
	at net.minecraft.client.renderer.texture.TextureManager.loadTexture(TextureManager.java:89) [TextureManager.class:?]
	at net.minecraft.client.renderer.texture.TextureManager.loadTickableTexture(TextureManager.java:71) [TextureManager.class:?]
	at net.minecraft.client.renderer.texture.TextureManager.loadTextureMap(TextureManager.java:58) [TextureManager.class:?]
	at net.minecraft.client.Minecraft.startGame(Minecraft.java:582) [Minecraft.class:?]
	at net.minecraft.client.Minecraft.run(Minecraft.java:892) [Minecraft.class:?]
	at net.minecraft.client.main.Main.main(Main.java:112) [Main.class:?]
	at sun.reflect.NativeMethodAccessorImpl.invoke0(Native Method) ~[?:1.7.0_60]
	at sun.reflect.NativeMethodAccessorImpl.invoke(Unknown Source) ~[?:1.7.0_60]
	at sun.reflect.DelegatingMethodAccessorImpl.invoke(Unknown Source) ~[?:1.7.0_60]
	at java.lang.reflect.Method.invoke(Unknown Source) ~[?:1.7.0_60]
	at net.minecraft.launchwrapper.Launch.launch(Launch.java:134) [launchwrapper-1.9.jar:?]
	at net.minecraft.launchwrapper.Launch.main(Launch.java:28) [launchwrapper-1.9.jar:?]
[22:48:40] [Client thread/ERROR]: Using missing texture, unable to load narutocraft:textures/items/jutsu/Haykkaroran.png
java.io.FileNotFoundException: narutocraft:textures/items/jutsu/Haykkaroran.png
	at net.minecraft.client.resources.FallbackResourceManager.getResource(FallbackResourceManager.java:65) ~[FallbackResourceManager.class:?]
	at net.minecraft.client.resources.SimpleReloadableResourceManager.getResource(SimpleReloadableResourceManager.java:67) ~[SimpleReloadableResourceManager.class:?]
	at net.minecraft.client.renderer.texture.TextureMap.loadTextureAtlas(TextureMap.java:126) [TextureMap.class:?]
	at net.minecraft.client.renderer.texture.TextureMap.loadTexture(TextureMap.java:91) [TextureMap.class:?]
	at net.minecraft.client.renderer.texture.TextureManager.loadTexture(TextureManager.java:89) [TextureManager.class:?]
	at net.minecraft.client.renderer.texture.TextureManager.loadTickableTexture(TextureManager.java:71) [TextureManager.class:?]
	at net.minecraft.client.renderer.texture.TextureManager.loadTextureMap(TextureManager.java:58) [TextureManager.class:?]
	at net.minecraft.client.Minecraft.startGame(Minecraft.java:582) [Minecraft.class:?]
	at net.minecraft.client.Minecraft.run(Minecraft.java:892) [Minecraft.class:?]
	at net.minecraft.client.main.Main.main(Main.java:112) [Main.class:?]
	at sun.reflect.NativeMethodAccessorImpl.invoke0(Native Method) ~[?:1.7.0_60]
	at sun.reflect.NativeMethodAccessorImpl.invoke(Unknown Source) ~[?:1.7.0_60]
	at sun.reflect.DelegatingMethodAccessorImpl.invoke(Unknown Source) ~[?:1.7.0_60]
	at java.lang.reflect.Method.invoke(Unknown Source) ~[?:1.7.0_60]
	at net.minecraft.launchwrapper.Launch.launch(Launch.java:134) [launchwrapper-1.9.jar:?]
	at net.minecraft.launchwrapper.Launch.main(Launch.java:28) [launchwrapper-1.9.jar:?]
[22:48:40] [Client thread/ERROR]: Using missing texture, unable to load narutocraft:textures/items/jutsu/Saikan Chushutsu No Jutsu.png
java.io.FileNotFoundException: narutocraft:textures/items/jutsu/Saikan Chushutsu No Jutsu.png
	at net.minecraft.client.resources.FallbackResourceManager.getResource(FallbackResourceManager.java:65) ~[FallbackResourceManager.class:?]
	at net.minecraft.client.resources.SimpleReloadableResourceManager.getResource(SimpleReloadableResourceManager.java:67) ~[SimpleReloadableResourceManager.class:?]
	at net.minecraft.client.renderer.texture.TextureMap.loadTextureAtlas(TextureMap.java:126) [TextureMap.class:?]
	at net.minecraft.client.renderer.texture.TextureMap.loadTexture(TextureMap.java:91) [TextureMap.class:?]
	at net.minecraft.client.renderer.texture.TextureManager.loadTexture(TextureManager.java:89) [TextureManager.class:?]
	at net.minecraft.client.renderer.texture.TextureManager.loadTickableTexture(TextureManager.java:71) [TextureManager.class:?]
	at net.minecraft.client.renderer.texture.TextureManager.loadTextureMap(TextureManager.java:58) [TextureManager.class:?]
	at net.minecraft.client.Minecraft.startGame(Minecraft.java:582) [Minecraft.class:?]
	at net.minecraft.client.Minecraft.run(Minecraft.java:892) [Minecraft.class:?]
	at net.minecraft.client.main.Main.main(Main.java:112) [Main.class:?]
	at sun.reflect.NativeMethodAccessorImpl.invoke0(Native Method) ~[?:1.7.0_60]
	at sun.reflect.NativeMethodAccessorImpl.invoke(Unknown Source) ~[?:1.7.0_60]
	at sun.reflect.DelegatingMethodAccessorImpl.invoke(Unknown Source) ~[?:1.7.0_60]
	at java.lang.reflect.Method.invoke(Unknown Source) ~[?:1.7.0_60]
	at net.minecraft.launchwrapper.Launch.launch(Launch.java:134) [launchwrapper-1.9.jar:?]
	at net.minecraft.launchwrapper.Launch.main(Launch.java:28) [launchwrapper-1.9.jar:?]
[22:48:40] [Client thread/ERROR]: Using missing texture, unable to load narutocraft:textures/items/jutsu/RaigenRaikochu.png
java.io.FileNotFoundException: narutocraft:textures/items/jutsu/RaigenRaikochu.png
	at net.minecraft.client.resources.FallbackResourceManager.getResource(FallbackResourceManager.java:65) ~[FallbackResourceManager.class:?]
	at net.minecraft.client.resources.SimpleReloadableResourceManager.getResource(SimpleReloadableResourceManager.java:67) ~[SimpleReloadableResourceManager.class:?]
	at net.minecraft.client.renderer.texture.TextureMap.loadTextureAtlas(TextureMap.java:126) [TextureMap.class:?]
	at net.minecraft.client.renderer.texture.TextureMap.loadTexture(TextureMap.java:91) [TextureMap.class:?]
	at net.minecraft.client.renderer.texture.TextureManager.loadTexture(TextureManager.java:89) [TextureManager.class:?]
	at net.minecraft.client.renderer.texture.TextureManager.loadTickableTexture(TextureManager.java:71) [TextureManager.class:?]
	at net.minecraft.client.renderer.texture.TextureManager.loadTextureMap(TextureManager.java:58) [TextureManager.class:?]
	at net.minecraft.client.Minecraft.startGame(Minecraft.java:582) [Minecraft.class:?]
	at net.minecraft.client.Minecraft.run(Minecraft.java:892) [Minecraft.class:?]
	at net.minecraft.client.main.Main.main(Main.java:112) [Main.class:?]
	at sun.reflect.NativeMethodAccessorImpl.invoke0(Native Method) ~[?:1.7.0_60]
	at sun.reflect.NativeMethodAccessorImpl.invoke(Unknown Source) ~[?:1.7.0_60]
	at sun.reflect.DelegatingMethodAccessorImpl.invoke(Unknown Source) ~[?:1.7.0_60]
	at java.lang.reflect.Method.invoke(Unknown Source) ~[?:1.7.0_60]
	at net.minecraft.launchwrapper.Launch.launch(Launch.java:134) [launchwrapper-1.9.jar:?]
	at net.minecraft.launchwrapper.Launch.main(Launch.java:28) [launchwrapper-1.9.jar:?]
[22:48:40] [Client thread/ERROR]: Using missing texture, unable to load narutocraft:textures/items/jutsu/SamuraiSabreTechnique.png
java.io.FileNotFoundException: narutocraft:textures/items/jutsu/SamuraiSabreTechnique.png
	at net.minecraft.client.resources.FallbackResourceManager.getResource(FallbackResourceManager.java:65) ~[FallbackResourceManager.class:?]
	at net.minecraft.client.resources.SimpleReloadableResourceManager.getResource(SimpleReloadableResourceManager.java:67) ~[SimpleReloadableResourceManager.class:?]
	at net.minecraft.client.renderer.texture.TextureMap.loadTextureAtlas(TextureMap.java:126) [TextureMap.class:?]
	at net.minecraft.client.renderer.texture.TextureMap.loadTexture(TextureMap.java:91) [TextureMap.class:?]
	at net.minecraft.client.renderer.texture.TextureManager.loadTexture(TextureManager.java:89) [TextureManager.class:?]
	at net.minecraft.client.renderer.texture.TextureManager.loadTickableTexture(TextureManager.java:71) [TextureManager.class:?]
	at net.minecraft.client.renderer.texture.TextureManager.loadTextureMap(TextureManager.java:58) [TextureManager.class:?]
	at net.minecraft.client.Minecraft.startGame(Minecraft.java:582) [Minecraft.class:?]
	at net.minecraft.client.Minecraft.run(Minecraft.java:892) [Minecraft.class:?]
	at net.minecraft.client.main.Main.main(Main.java:112) [Main.class:?]
	at sun.reflect.NativeMethodAccessorImpl.invoke0(Native Method) ~[?:1.7.0_60]
	at sun.reflect.NativeMethodAccessorImpl.invoke(Unknown Source) ~[?:1.7.0_60]
	at sun.reflect.DelegatingMethodAccessorImpl.invoke(Unknown Source) ~[?:1.7.0_60]
	at java.lang.reflect.Method.invoke(Unknown Source) ~[?:1.7.0_60]
	at net.minecraft.launchwrapper.Launch.launch(Launch.java:134) [launchwrapper-1.9.jar:?]
	at net.minecraft.launchwrapper.Launch.main(Launch.java:28) [launchwrapper-1.9.jar:?]
[22:48:40] [Client thread/ERROR]: Using missing texture, unable to load narutocraft:textures/items/jutsu/InyuShometsu.png
java.io.FileNotFoundException: narutocraft:textures/items/jutsu/InyuShometsu.png
	at net.minecraft.client.resources.FallbackResourceManager.getResource(FallbackResourceManager.java:65) ~[FallbackResourceManager.class:?]
	at net.minecraft.client.resources.SimpleReloadableResourceManager.getResource(SimpleReloadableResourceManager.java:67) ~[SimpleReloadableResourceManager.class:?]
	at net.minecraft.client.renderer.texture.TextureMap.loadTextureAtlas(TextureMap.java:126) [TextureMap.class:?]
	at net.minecraft.client.renderer.texture.TextureMap.loadTexture(TextureMap.java:91) [TextureMap.class:?]
	at net.minecraft.client.renderer.texture.TextureManager.loadTexture(TextureManager.java:89) [TextureManager.class:?]
	at net.minecraft.client.renderer.texture.TextureManager.loadTickableTexture(TextureManager.java:71) [TextureManager.class:?]
	at net.minecraft.client.renderer.texture.TextureManager.loadTextureMap(TextureManager.java:58) [TextureManager.class:?]
	at net.minecraft.client.Minecraft.startGame(Minecraft.java:582) [Minecraft.class:?]
	at net.minecraft.client.Minecraft.run(Minecraft.java:892) [Minecraft.class:?]
	at net.minecraft.client.main.Main.main(Main.java:112) [Main.class:?]
	at sun.reflect.NativeMethodAccessorImpl.invoke0(Native Method) ~[?:1.7.0_60]
	at sun.reflect.NativeMethodAccessorImpl.invoke(Unknown Source) ~[?:1.7.0_60]
	at sun.reflect.DelegatingMethodAccessorImpl.invoke(Unknown Source) ~[?:1.7.0_60]
	at java.lang.reflect.Method.invoke(Unknown Source) ~[?:1.7.0_60]
	at net.minecraft.launchwrapper.Launch.launch(Launch.java:134) [launchwrapper-1.9.jar:?]
	at net.minecraft.launchwrapper.Launch.main(Launch.java:28) [launchwrapper-1.9.jar:?]
[22:48:40] [Client thread/INFO]: Created: 512x256 textures/items-atlas
[22:48:40] [Client thread/INFO]: Reloading ResourceManager: Default, FMLFileResourcePack:Forge Mod Loader, FMLFileResourcePack:Minecraft Forge, FMLFileResourcePack:NarutoCraft-Pl Mod
[22:48:41] [Client thread/ERROR]: Using missing texture, unable to load narutocraft:textures/items/jutsu/FukimiHari.png
java.io.FileNotFoundException: narutocraft:textures/items/jutsu/FukimiHari.png
	at net.minecraft.client.resources.FallbackResourceManager.getResource(FallbackResourceManager.java:65) ~[FallbackResourceManager.class:?]
	at net.minecraft.client.resources.SimpleReloadableResourceManager.getResource(SimpleReloadableResourceManager.java:67) ~[SimpleReloadableResourceManager.class:?]
	at net.minecraft.client.renderer.texture.TextureMap.loadTextureAtlas(TextureMap.java:126) [TextureMap.class:?]
	at net.minecraft.client.renderer.texture.TextureMap.loadTexture(TextureMap.java:91) [TextureMap.class:?]
	at net.minecraft.client.renderer.texture.TextureManager.loadTexture(TextureManager.java:89) [TextureManager.class:?]
	at net.minecraft.client.renderer.texture.TextureManager.onResourceManagerReload(TextureManager.java:170) [TextureManager.class:?]
	at net.minecraft.client.resources.SimpleReloadableResourceManager.notifyReloadListeners(SimpleReloadableResourceManager.java:134) [SimpleReloadableResourceManager.class:?]
	at net.minecraft.client.resources.SimpleReloadableResourceManager.reloadResources(SimpleReloadableResourceManager.java:118) [SimpleReloadableResourceManager.class:?]
	at net.minecraft.client.Minecraft.refreshResources(Minecraft.java:626) [Minecraft.class:?]
	at cpw.mods.fml.client.FMLClientHandler.finishMinecraftLoading(FMLClientHandler.java:303) [FMLClientHandler.class:?]
	at net.minecraft.client.Minecraft.startGame(Minecraft.java:585) [Minecraft.class:?]
	at net.minecraft.client.Minecraft.run(Minecraft.java:892) [Minecraft.class:?]
	at net.minecraft.client.main.Main.main(Main.java:112) [Main.class:?]
	at sun.reflect.NativeMethodAccessorImpl.invoke0(Native Method) ~[?:1.7.0_60]
	at sun.reflect.NativeMethodAccessorImpl.invoke(Unknown Source) ~[?:1.7.0_60]
	at sun.reflect.DelegatingMethodAccessorImpl.invoke(Unknown Source) ~[?:1.7.0_60]
	at java.lang.reflect.Method.invoke(Unknown Source) ~[?:1.7.0_60]
	at net.minecraft.launchwrapper.Launch.launch(Launch.java:134) [launchwrapper-1.9.jar:?]
	at net.minecraft.launchwrapper.Launch.main(Launch.java:28) [launchwrapper-1.9.jar:?]
[22:48:41] [Client thread/ERROR]: Using missing texture, unable to load narutocraft:textures/items/jutsu/Dokugiri.png
java.io.FileNotFoundException: narutocraft:textures/items/jutsu/Dokugiri.png
	at net.minecraft.client.resources.FallbackResourceManager.getResource(FallbackResourceManager.java:65) ~[FallbackResourceManager.class:?]
	at net.minecraft.client.resources.SimpleReloadableResourceManager.getResource(SimpleReloadableResourceManager.java:67) ~[SimpleReloadableResourceManager.class:?]
	at net.minecraft.client.renderer.texture.TextureMap.loadTextureAtlas(TextureMap.java:126) [TextureMap.class:?]
	at net.minecraft.client.renderer.texture.TextureMap.loadTexture(TextureMap.java:91) [TextureMap.class:?]
	at net.minecraft.client.renderer.texture.TextureManager.loadTexture(TextureManager.java:89) [TextureManager.class:?]
	at net.minecraft.client.renderer.texture.TextureManager.onResourceManagerReload(TextureManager.java:170) [TextureManager.class:?]
	at net.minecraft.client.resources.SimpleReloadableResourceManager.notifyReloadListeners(SimpleReloadableResourceManager.java:134) [SimpleReloadableResourceManager.class:?]
	at net.minecraft.client.resources.SimpleReloadableResourceManager.reloadResources(SimpleReloadableResourceManager.java:118) [SimpleReloadableResourceManager.class:?]
	at net.minecraft.client.Minecraft.refreshResources(Minecraft.java:626) [Minecraft.class:?]
	at cpw.mods.fml.client.FMLClientHandler.finishMinecraftLoading(FMLClientHandler.java:303) [FMLClientHandler.class:?]
	at net.minecraft.client.Minecraft.startGame(Minecraft.java:585) [Minecraft.class:?]
	at net.minecraft.client.Minecraft.run(Minecraft.java:892) [Minecraft.class:?]
	at net.minecraft.client.main.Main.main(Main.java:112) [Main.class:?]
	at sun.reflect.NativeMethodAccessorImpl.invoke0(Native Method) ~[?:1.7.0_60]
	at sun.reflect.NativeMethodAccessorImpl.invoke(Unknown Source) ~[?:1.7.0_60]
	at sun.reflect.DelegatingMethodAccessorImpl.invoke(Unknown Source) ~[?:1.7.0_60]
	at java.lang.reflect.Method.invoke(Unknown Source) ~[?:1.7.0_60]
	at net.minecraft.launchwrapper.Launch.launch(Launch.java:134) [launchwrapper-1.9.jar:?]
	at net.minecraft.launchwrapper.Launch.main(Launch.java:28) [launchwrapper-1.9.jar:?]
[22:48:41] [Client thread/ERROR]: Using missing texture, unable to load narutocraft:textures/items/jutsu/Fuma Ninken.png
java.io.FileNotFoundException: narutocraft:textures/items/jutsu/Fuma Ninken.png
	at net.minecraft.client.resources.FallbackResourceManager.getResource(FallbackResourceManager.java:65) ~[FallbackResourceManager.class:?]
	at net.minecraft.client.resources.SimpleReloadableResourceManager.getResource(SimpleReloadableResourceManager.java:67) ~[SimpleReloadableResourceManager.class:?]
	at net.minecraft.client.renderer.texture.TextureMap.loadTextureAtlas(TextureMap.java:126) [TextureMap.class:?]
	at net.minecraft.client.renderer.texture.TextureMap.loadTexture(TextureMap.java:91) [TextureMap.class:?]
	at net.minecraft.client.renderer.texture.TextureManager.loadTexture(TextureManager.java:89) [TextureManager.class:?]
	at net.minecraft.client.renderer.texture.TextureManager.onResourceManagerReload(TextureManager.java:170) [TextureManager.class:?]
	at net.minecraft.client.resources.SimpleReloadableResourceManager.notifyReloadListeners(SimpleReloadableResourceManager.java:134) [SimpleReloadableResourceManager.class:?]
	at net.minecraft.client.resources.SimpleReloadableResourceManager.reloadResources(SimpleReloadableResourceManager.java:118) [SimpleReloadableResourceManager.class:?]
	at net.minecraft.client.Minecraft.refreshResources(Minecraft.java:626) [Minecraft.class:?]
	at cpw.mods.fml.client.FMLClientHandler.finishMinecraftLoading(FMLClientHandler.java:303) [FMLClientHandler.class:?]
	at net.minecraft.client.Minecraft.startGame(Minecraft.java:585) [Minecraft.class:?]
	at net.minecraft.client.Minecraft.run(Minecraft.java:892) [Minecraft.class:?]
	at net.minecraft.client.main.Main.main(Main.java:112) [Main.class:?]
	at sun.reflect.NativeMethodAccessorImpl.invoke0(Native Method) ~[?:1.7.0_60]
	at sun.reflect.NativeMethodAccessorImpl.invoke(Unknown Source) ~[?:1.7.0_60]
	at sun.reflect.DelegatingMethodAccessorImpl.invoke(Unknown Source) ~[?:1.7.0_60]
	at java.lang.reflect.Method.invoke(Unknown Source) ~[?:1.7.0_60]
	at net.minecraft.launchwrapper.Launch.launch(Launch.java:134) [launchwrapper-1.9.jar:?]
	at net.minecraft.launchwrapper.Launch.main(Launch.java:28) [launchwrapper-1.9.jar:?]
[22:48:41] [Client thread/ERROR]: Using missing texture, unable to load narutocraft:textures/items/jutsu/ShunshinNoJutsu.png
java.io.FileNotFoundException: narutocraft:textures/items/jutsu/ShunshinNoJutsu.png
	at net.minecraft.client.resources.FallbackResourceManager.getResource(FallbackResourceManager.java:65) ~[FallbackResourceManager.class:?]
	at net.minecraft.client.resources.SimpleReloadableResourceManager.getResource(SimpleReloadableResourceManager.java:67) ~[SimpleReloadableResourceManager.class:?]
	at net.minecraft.client.renderer.texture.TextureMap.loadTextureAtlas(TextureMap.java:126) [TextureMap.class:?]
	at net.minecraft.client.renderer.texture.TextureMap.loadTexture(TextureMap.java:91) [TextureMap.class:?]
	at net.minecraft.client.renderer.texture.TextureManager.loadTexture(TextureManager.java:89) [TextureManager.class:?]
	at net.minecraft.client.renderer.texture.TextureManager.onResourceManagerReload(TextureManager.java:170) [TextureManager.class:?]
	at net.minecraft.client.resources.SimpleReloadableResourceManager.notifyReloadListeners(SimpleReloadableResourceManager.java:134) [SimpleReloadableResourceManager.class:?]
	at net.minecraft.client.resources.SimpleReloadableResourceManager.reloadResources(SimpleReloadableResourceManager.java:118) [SimpleReloadableResourceManager.class:?]
	at net.minecraft.client.Minecraft.refreshResources(Minecraft.java:626) [Minecraft.class:?]
	at cpw.mods.fml.client.FMLClientHandler.finishMinecraftLoading(FMLClientHandler.java:303) [FMLClientHandler.class:?]
	at net.minecraft.client.Minecraft.startGame(Minecraft.java:585) [Minecraft.class:?]
	at net.minecraft.client.Minecraft.run(Minecraft.java:892) [Minecraft.class:?]
	at net.minecraft.client.main.Main.main(Main.java:112) [Main.class:?]
	at sun.reflect.NativeMethodAccessorImpl.invoke0(Native Method) ~[?:1.7.0_60]
	at sun.reflect.NativeMethodAccessorImpl.invoke(Unknown Source) ~[?:1.7.0_60]
	at sun.reflect.DelegatingMethodAccessorImpl.invoke(Unknown Source) ~[?:1.7.0_60]
	at java.lang.reflect.Method.invoke(Unknown Source) ~[?:1.7.0_60]
	at net.minecraft.launchwrapper.Launch.launch(Launch.java:134) [launchwrapper-1.9.jar:?]
	at net.minecraft.launchwrapper.Launch.main(Launch.java:28) [launchwrapper-1.9.jar:?]
[22:48:41] [Client thread/ERROR]: Using missing texture, unable to load narutocraft:textures/items/jutsu/KosaHo.png
java.io.FileNotFoundException: narutocraft:textures/items/jutsu/KosaHo.png
	at net.minecraft.client.resources.FallbackResourceManager.getResource(FallbackResourceManager.java:65) ~[FallbackResourceManager.class:?]
	at net.minecraft.client.resources.SimpleReloadableResourceManager.getResource(SimpleReloadableResourceManager.java:67) ~[SimpleReloadableResourceManager.class:?]
	at net.minecraft.client.renderer.texture.TextureMap.loadTextureAtlas(TextureMap.java:126) [TextureMap.class:?]
	at net.minecraft.client.renderer.texture.TextureMap.loadTexture(TextureMap.java:91) [TextureMap.class:?]
	at net.minecraft.client.renderer.texture.TextureManager.loadTexture(TextureManager.java:89) [TextureManager.class:?]
	at net.minecraft.client.renderer.texture.TextureManager.onResourceManagerReload(TextureManager.java:170) [TextureManager.class:?]
	at net.minecraft.client.resources.SimpleReloadableResourceManager.notifyReloadListeners(SimpleReloadableResourceManager.java:134) [SimpleReloadableResourceManager.class:?]
	at net.minecraft.client.resources.SimpleReloadableResourceManager.reloadResources(SimpleReloadableResourceManager.java:118) [SimpleReloadableResourceManager.class:?]
	at net.minecraft.client.Minecraft.refreshResources(Minecraft.java:626) [Minecraft.class:?]
	at cpw.mods.fml.client.FMLClientHandler.finishMinecraftLoading(FMLClientHandler.java:303) [FMLClientHandler.class:?]
	at net.minecraft.client.Minecraft.startGame(Minecraft.java:585) [Minecraft.class:?]
	at net.minecraft.client.Minecraft.run(Minecraft.java:892) [Minecraft.class:?]
	at net.minecraft.client.main.Main.main(Main.java:112) [Main.class:?]
	at sun.reflect.NativeMethodAccessorImpl.invoke0(Native Method) ~[?:1.7.0_60]
	at sun.reflect.NativeMethodAccessorImpl.invoke(Unknown Source) ~[?:1.7.0_60]
	at sun.reflect.DelegatingMethodAccessorImpl.invoke(Unknown Source) ~[?:1.7.0_60]
	at java.lang.reflect.Method.invoke(Unknown Source) ~[?:1.7.0_60]
	at net.minecraft.launchwrapper.Launch.launch(Launch.java:134) [launchwrapper-1.9.jar:?]
	at net.minecraft.launchwrapper.Launch.main(Launch.java:28) [launchwrapper-1.9.jar:?]
[22:48:41] [Client thread/ERROR]: Using missing texture, unable to load narutocraft:textures/items/jutsu/OdamaRasengan.png
java.io.FileNotFoundException: narutocraft:textures/items/jutsu/OdamaRasengan.png
	at net.minecraft.client.resources.FallbackResourceManager.getResource(FallbackResourceManager.java:65) ~[FallbackResourceManager.class:?]
	at net.minecraft.client.resources.SimpleReloadableResourceManager.getResource(SimpleReloadableResourceManager.java:67) ~[SimpleReloadableResourceManager.class:?]
	at net.minecraft.client.renderer.texture.TextureMap.loadTextureAtlas(TextureMap.java:126) [TextureMap.class:?]
	at net.minecraft.client.renderer.texture.TextureMap.loadTexture(TextureMap.java:91) [TextureMap.class:?]
	at net.minecraft.client.renderer.texture.TextureManager.loadTexture(TextureManager.java:89) [TextureManager.class:?]
	at net.minecraft.client.renderer.texture.TextureManager.onResourceManagerReload(TextureManager.java:170) [TextureManager.class:?]
	at net.minecraft.client.resources.SimpleReloadableResourceManager.notifyReloadListeners(SimpleReloadableResourceManager.java:134) [SimpleReloadableResourceManager.class:?]
	at net.minecraft.client.resources.SimpleReloadableResourceManager.reloadResources(SimpleReloadableResourceManager.java:118) [SimpleReloadableResourceManager.class:?]
	at net.minecraft.client.Minecraft.refreshResources(Minecraft.java:626) [Minecraft.class:?]
	at cpw.mods.fml.client.FMLClientHandler.finishMinecraftLoading(FMLClientHandler.java:303) [FMLClientHandler.class:?]
	at net.minecraft.client.Minecraft.startGame(Minecraft.java:585) [Minecraft.class:?]
	at net.minecraft.client.Minecraft.run(Minecraft.java:892) [Minecraft.class:?]
	at net.minecraft.client.main.Main.main(Main.java:112) [Main.class:?]
	at sun.reflect.NativeMethodAccessorImpl.invoke0(Native Method) ~[?:1.7.0_60]
	at sun.reflect.NativeMethodAccessorImpl.invoke(Unknown Source) ~[?:1.7.0_60]
	at sun.reflect.DelegatingMethodAccessorImpl.invoke(Unknown Source) ~[?:1.7.0_60]
	at java.lang.reflect.Method.invoke(Unknown Source) ~[?:1.7.0_60]
	at net.minecraft.launchwrapper.Launch.launch(Launch.java:134) [launchwrapper-1.9.jar:?]
	at net.minecraft.launchwrapper.Launch.main(Launch.java:28) [launchwrapper-1.9.jar:?]
[22:48:41] [Client thread/ERROR]: Using missing texture, unable to load narutocraft:textures/items/jutsu/ChioOdamaRasengan.png
java.io.FileNotFoundException: narutocraft:textures/items/jutsu/ChioOdamaRasengan.png
	at net.minecraft.client.resources.FallbackResourceManager.getResource(FallbackResourceManager.java:65) ~[FallbackResourceManager.class:?]
	at net.minecraft.client.resources.SimpleReloadableResourceManager.getResource(SimpleReloadableResourceManager.java:67) ~[SimpleReloadableResourceManager.class:?]
	at net.minecraft.client.renderer.texture.TextureMap.loadTextureAtlas(TextureMap.java:126) [TextureMap.class:?]
	at net.minecraft.client.renderer.texture.TextureMap.loadTexture(TextureMap.java:91) [TextureMap.class:?]
	at net.minecraft.client.renderer.texture.TextureManager.loadTexture(TextureManager.java:89) [TextureManager.class:?]
	at net.minecraft.client.renderer.texture.TextureManager.onResourceManagerReload(TextureManager.java:170) [TextureManager.class:?]
	at net.minecraft.client.resources.SimpleReloadableResourceManager.notifyReloadListeners(SimpleReloadableResourceManager.java:134) [SimpleReloadableResourceManager.class:?]
	at net.minecraft.client.resources.SimpleReloadableResourceManager.reloadResources(SimpleReloadableResourceManager.java:118) [SimpleReloadableResourceManager.class:?]
	at net.minecraft.client.Minecraft.refreshResources(Minecraft.java:626) [Minecraft.class:?]
	at cpw.mods.fml.client.FMLClientHandler.finishMinecraftLoading(FMLClientHandler.java:303) [FMLClientHandler.class:?]
	at net.minecraft.client.Minecraft.startGame(Minecraft.java:585) [Minecraft.class:?]
	at net.minecraft.client.Minecraft.run(Minecraft.java:892) [Minecraft.class:?]
	at net.minecraft.client.main.Main.main(Main.java:112) [Main.class:?]
	at sun.reflect.NativeMethodAccessorImpl.invoke0(Native Method) ~[?:1.7.0_60]
	at sun.reflect.NativeMethodAccessorImpl.invoke(Unknown Source) ~[?:1.7.0_60]
	at sun.reflect.DelegatingMethodAccessorImpl.invoke(Unknown Source) ~[?:1.7.0_60]
	at java.lang.reflect.Method.invoke(Unknown Source) ~[?:1.7.0_60]
	at net.minecraft.launchwrapper.Launch.launch(Launch.java:134) [launchwrapper-1.9.jar:?]
	at net.minecraft.launchwrapper.Launch.main(Launch.java:28) [launchwrapper-1.9.jar:?]
[22:48:41] [Client thread/ERROR]: Using missing texture, unable to load narutocraft:textures/items/jutsu/KawarimiNoJutsu.png
java.io.FileNotFoundException: narutocraft:textures/items/jutsu/KawarimiNoJutsu.png
	at net.minecraft.client.resources.FallbackResourceManager.getResource(FallbackResourceManager.java:65) ~[FallbackResourceManager.class:?]
	at net.minecraft.client.resources.SimpleReloadableResourceManager.getResource(SimpleReloadableResourceManager.java:67) ~[SimpleReloadableResourceManager.class:?]
	at net.minecraft.client.renderer.texture.TextureMap.loadTextureAtlas(TextureMap.java:126) [TextureMap.class:?]
	at net.minecraft.client.renderer.texture.TextureMap.loadTexture(TextureMap.java:91) [TextureMap.class:?]
	at net.minecraft.client.renderer.texture.TextureManager.loadTexture(TextureManager.java:89) [TextureManager.class:?]
	at net.minecraft.client.renderer.texture.TextureManager.onResourceManagerReload(TextureManager.java:170) [TextureManager.class:?]
	at net.minecraft.client.resources.SimpleReloadableResourceManager.notifyReloadListeners(SimpleReloadableResourceManager.java:134) [SimpleReloadableResourceManager.class:?]
	at net.minecraft.client.resources.SimpleReloadableResourceManager.reloadResources(SimpleReloadableResourceManager.java:118) [SimpleReloadableResourceManager.class:?]
	at net.minecraft.client.Minecraft.refreshResources(Minecraft.java:626) [Minecraft.class:?]
	at cpw.mods.fml.client.FMLClientHandler.finishMinecraftLoading(FMLClientHandler.java:303) [FMLClientHandler.class:?]
	at net.minecraft.client.Minecraft.startGame(Minecraft.java:585) [Minecraft.class:?]
	at net.minecraft.client.Minecraft.run(Minecraft.java:892) [Minecraft.class:?]
	at net.minecraft.client.main.Main.main(Main.java:112) [Main.class:?]
	at sun.reflect.NativeMethodAccessorImpl.invoke0(Native Method) ~[?:1.7.0_60]
	at sun.reflect.NativeMethodAccessorImpl.invoke(Unknown Source) ~[?:1.7.0_60]
	at sun.reflect.DelegatingMethodAccessorImpl.invoke(Unknown Source) ~[?:1.7.0_60]
	at java.lang.reflect.Method.invoke(Unknown Source) ~[?:1.7.0_60]
	at net.minecraft.launchwrapper.Launch.launch(Launch.java:134) [launchwrapper-1.9.jar:?]
	at net.minecraft.launchwrapper.Launch.main(Launch.java:28) [launchwrapper-1.9.jar:?]
[22:48:41] [Client thread/ERROR]: Using missing texture, unable to load narutocraft:textures/items/weapons/ChioRyuuGatana.png
java.io.FileNotFoundException: narutocraft:textures/items/weapons/ChioRyuuGatana.png
	at net.minecraft.client.resources.FallbackResourceManager.getResource(FallbackResourceManager.java:65) ~[FallbackResourceManager.class:?]
	at net.minecraft.client.resources.SimpleReloadableResourceManager.getResource(SimpleReloadableResourceManager.java:67) ~[SimpleReloadableResourceManager.class:?]
	at net.minecraft.client.renderer.texture.TextureMap.loadTextureAtlas(TextureMap.java:126) [TextureMap.class:?]
	at net.minecraft.client.renderer.texture.TextureMap.loadTexture(TextureMap.java:91) [TextureMap.class:?]
	at net.minecraft.client.renderer.texture.TextureManager.loadTexture(TextureManager.java:89) [TextureManager.class:?]
	at net.minecraft.client.renderer.texture.TextureManager.onResourceManagerReload(TextureManager.java:170) [TextureManager.class:?]
	at net.minecraft.client.resources.SimpleReloadableResourceManager.notifyReloadListeners(SimpleReloadableResourceManager.java:134) [SimpleReloadableResourceManager.class:?]
	at net.minecraft.client.resources.SimpleReloadableResourceManager.reloadResources(SimpleReloadableResourceManager.java:118) [SimpleReloadableResourceManager.class:?]
	at net.minecraft.client.Minecraft.refreshResources(Minecraft.java:626) [Minecraft.class:?]
	at cpw.mods.fml.client.FMLClientHandler.finishMinecraftLoading(FMLClientHandler.java:303) [FMLClientHandler.class:?]
	at net.minecraft.client.Minecraft.startGame(Minecraft.java:585) [Minecraft.class:?]
	at net.minecraft.client.Minecraft.run(Minecraft.java:892) [Minecraft.class:?]
	at net.minecraft.client.main.Main.main(Main.java:112) [Main.class:?]
	at sun.reflect.NativeMethodAccessorImpl.invoke0(Native Method) ~[?:1.7.0_60]
	at sun.reflect.NativeMethodAccessorImpl.invoke(Unknown Source) ~[?:1.7.0_60]
	at sun.reflect.DelegatingMethodAccessorImpl.invoke(Unknown Source) ~[?:1.7.0_60]
	at java.lang.reflect.Method.invoke(Unknown Source) ~[?:1.7.0_60]
	at net.minecraft.launchwrapper.Launch.launch(Launch.java:134) [launchwrapper-1.9.jar:?]
	at net.minecraft.launchwrapper.Launch.main(Launch.java:28) [launchwrapper-1.9.jar:?]
[22:48:41] [Client thread/ERROR]: Using missing texture, unable to load narutocraft:textures/items/jutsu/Haykkaroran.png
java.io.FileNotFoundException: narutocraft:textures/items/jutsu/Haykkaroran.png
	at net.minecraft.client.resources.FallbackResourceManager.getResource(FallbackResourceManager.java:65) ~[FallbackResourceManager.class:?]
	at net.minecraft.client.resources.SimpleReloadableResourceManager.getResource(SimpleReloadableResourceManager.java:67) ~[SimpleReloadableResourceManager.class:?]
	at net.minecraft.client.renderer.texture.TextureMap.loadTextureAtlas(TextureMap.java:126) [TextureMap.class:?]
	at net.minecraft.client.renderer.texture.TextureMap.loadTexture(TextureMap.java:91) [TextureMap.class:?]
	at net.minecraft.client.renderer.texture.TextureManager.loadTexture(TextureManager.java:89) [TextureManager.class:?]
	at net.minecraft.client.renderer.texture.TextureManager.onResourceManagerReload(TextureManager.java:170) [TextureManager.class:?]
	at net.minecraft.client.resources.SimpleReloadableResourceManager.notifyReloadListeners(SimpleReloadableResourceManager.java:134) [SimpleReloadableResourceManager.class:?]
	at net.minecraft.client.resources.SimpleReloadableResourceManager.reloadResources(SimpleReloadableResourceManager.java:118) [SimpleReloadableResourceManager.class:?]
	at net.minecraft.client.Minecraft.refreshResources(Minecraft.java:626) [Minecraft.class:?]
	at cpw.mods.fml.client.FMLClientHandler.finishMinecraftLoading(FMLClientHandler.java:303) [FMLClientHandler.class:?]
	at net.minecraft.client.Minecraft.startGame(Minecraft.java:585) [Minecraft.class:?]
	at net.minecraft.client.Minecraft.run(Minecraft.java:892) [Minecraft.class:?]
	at net.minecraft.client.main.Main.main(Main.java:112) [Main.class:?]
	at sun.reflect.NativeMethodAccessorImpl.invoke0(Native Method) ~[?:1.7.0_60]
	at sun.reflect.NativeMethodAccessorImpl.invoke(Unknown Source) ~[?:1.7.0_60]
	at sun.reflect.DelegatingMethodAccessorImpl.invoke(Unknown Source) ~[?:1.7.0_60]
	at java.lang.reflect.Method.invoke(Unknown Source) ~[?:1.7.0_60]
	at net.minecraft.launchwrapper.Launch.launch(Launch.java:134) [launchwrapper-1.9.jar:?]
	at net.minecraft.launchwrapper.Launch.main(Launch.java:28) [launchwrapper-1.9.jar:?]
[22:48:41] [Client thread/ERROR]: Using missing texture, unable to load narutocraft:textures/items/jutsu/Saikan Chushutsu No Jutsu.png
java.io.FileNotFoundException: narutocraft:textures/items/jutsu/Saikan Chushutsu No Jutsu.png
	at net.minecraft.client.resources.FallbackResourceManager.getResource(FallbackResourceManager.java:65) ~[FallbackResourceManager.class:?]
	at net.minecraft.client.resources.SimpleReloadableResourceManager.getResource(SimpleReloadableResourceManager.java:67) ~[SimpleReloadableResourceManager.class:?]
	at net.minecraft.client.renderer.texture.TextureMap.loadTextureAtlas(TextureMap.java:126) [TextureMap.class:?]
	at net.minecraft.client.renderer.texture.TextureMap.loadTexture(TextureMap.java:91) [TextureMap.class:?]
	at net.minecraft.client.renderer.texture.TextureManager.loadTexture(TextureManager.java:89) [TextureManager.class:?]
	at net.minecraft.client.renderer.texture.TextureManager.onResourceManagerReload(TextureManager.java:170) [TextureManager.class:?]
	at net.minecraft.client.resources.SimpleReloadableResourceManager.notifyReloadListeners(SimpleReloadableResourceManager.java:134) [SimpleReloadableResourceManager.class:?]
	at net.minecraft.client.resources.SimpleReloadableResourceManager.reloadResources(SimpleReloadableResourceManager.java:118) [SimpleReloadableResourceManager.class:?]
	at net.minecraft.client.Minecraft.refreshResources(Minecraft.java:626) [Minecraft.class:?]
	at cpw.mods.fml.client.FMLClientHandler.finishMinecraftLoading(FMLClientHandler.java:303) [FMLClientHandler.class:?]
	at net.minecraft.client.Minecraft.startGame(Minecraft.java:585) [Minecraft.class:?]
	at net.minecraft.client.Minecraft.run(Minecraft.java:892) [Minecraft.class:?]
	at net.minecraft.client.main.Main.main(Main.java:112) [Main.class:?]
	at sun.reflect.NativeMethodAccessorImpl.invoke0(Native Method) ~[?:1.7.0_60]
	at sun.reflect.NativeMethodAccessorImpl.invoke(Unknown Source) ~[?:1.7.0_60]
	at sun.reflect.DelegatingMethodAccessorImpl.invoke(Unknown Source) ~[?:1.7.0_60]
	at java.lang.reflect.Method.invoke(Unknown Source) ~[?:1.7.0_60]
	at net.minecraft.launchwrapper.Launch.launch(Launch.java:134) [launchwrapper-1.9.jar:?]
	at net.minecraft.launchwrapper.Launch.main(Launch.java:28) [launchwrapper-1.9.jar:?]
[22:48:41] [Client thread/ERROR]: Using missing texture, unable to load narutocraft:textures/items/jutsu/RaigenRaikochu.png
java.io.FileNotFoundException: narutocraft:textures/items/jutsu/RaigenRaikochu.png
	at net.minecraft.client.resources.FallbackResourceManager.getResource(FallbackResourceManager.java:65) ~[FallbackResourceManager.class:?]
	at net.minecraft.client.resources.SimpleReloadableResourceManager.getResource(SimpleReloadableResourceManager.java:67) ~[SimpleReloadableResourceManager.class:?]
	at net.minecraft.client.renderer.texture.TextureMap.loadTextureAtlas(TextureMap.java:126) [TextureMap.class:?]
	at net.minecraft.client.renderer.texture.TextureMap.loadTexture(TextureMap.java:91) [TextureMap.class:?]
	at net.minecraft.client.renderer.texture.TextureManager.loadTexture(TextureManager.java:89) [TextureManager.class:?]
	at net.minecraft.client.renderer.texture.TextureManager.onResourceManagerReload(TextureManager.java:170) [TextureManager.class:?]
	at net.minecraft.client.resources.SimpleReloadableResourceManager.notifyReloadListeners(SimpleReloadableResourceManager.java:134) [SimpleReloadableResourceManager.class:?]
	at net.minecraft.client.resources.SimpleReloadableResourceManager.reloadResources(SimpleReloadableResourceManager.java:118) [SimpleReloadableResourceManager.class:?]
	at net.minecraft.client.Minecraft.refreshResources(Minecraft.java:626) [Minecraft.class:?]
	at cpw.mods.fml.client.FMLClientHandler.finishMinecraftLoading(FMLClientHandler.java:303) [FMLClientHandler.class:?]
	at net.minecraft.client.Minecraft.startGame(Minecraft.java:585) [Minecraft.class:?]
	at net.minecraft.client.Minecraft.run(Minecraft.java:892) [Minecraft.class:?]
	at net.minecraft.client.main.Main.main(Main.java:112) [Main.class:?]
	at sun.reflect.NativeMethodAccessorImpl.invoke0(Native Method) ~[?:1.7.0_60]
	at sun.reflect.NativeMethodAccessorImpl.invoke(Unknown Source) ~[?:1.7.0_60]
	at sun.reflect.DelegatingMethodAccessorImpl.invoke(Unknown Source) ~[?:1.7.0_60]
	at java.lang.reflect.Method.invoke(Unknown Source) ~[?:1.7.0_60]
	at net.minecraft.launchwrapper.Launch.launch(Launch.java:134) [launchwrapper-1.9.jar:?]
	at net.minecraft.launchwrapper.Launch.main(Launch.java:28) [launchwrapper-1.9.jar:?]
[22:48:41] [Client thread/ERROR]: Using missing texture, unable to load narutocraft:textures/items/jutsu/SamuraiSabreTechnique.png
java.io.FileNotFoundException: narutocraft:textures/items/jutsu/SamuraiSabreTechnique.png
	at net.minecraft.client.resources.FallbackResourceManager.getResource(FallbackResourceManager.java:65) ~[FallbackResourceManager.class:?]
	at net.minecraft.client.resources.SimpleReloadableResourceManager.getResource(SimpleReloadableResourceManager.java:67) ~[SimpleReloadableResourceManager.class:?]
	at net.minecraft.client.renderer.texture.TextureMap.loadTextureAtlas(TextureMap.java:126) [TextureMap.class:?]
	at net.minecraft.client.renderer.texture.TextureMap.loadTexture(TextureMap.java:91) [TextureMap.class:?]
	at net.minecraft.client.renderer.texture.TextureManager.loadTexture(TextureManager.java:89) [TextureManager.class:?]
	at net.minecraft.client.renderer.texture.TextureManager.onResourceManagerReload(TextureManager.java:170) [TextureManager.class:?]
	at net.minecraft.client.resources.SimpleReloadableResourceManager.notifyReloadListeners(SimpleReloadableResourceManager.java:134) [SimpleReloadableResourceManager.class:?]
	at net.minecraft.client.resources.SimpleReloadableResourceManager.reloadResources(SimpleReloadableResourceManager.java:118) [SimpleReloadableResourceManager.class:?]
	at net.minecraft.client.Minecraft.refreshResources(Minecraft.java:626) [Minecraft.class:?]
	at cpw.mods.fml.client.FMLClientHandler.finishMinecraftLoading(FMLClientHandler.java:303) [FMLClientHandler.class:?]
	at net.minecraft.client.Minecraft.startGame(Minecraft.java:585) [Minecraft.class:?]
	at net.minecraft.client.Minecraft.run(Minecraft.java:892) [Minecraft.class:?]
	at net.minecraft.client.main.Main.main(Main.java:112) [Main.class:?]
	at sun.reflect.NativeMethodAccessorImpl.invoke0(Native Method) ~[?:1.7.0_60]
	at sun.reflect.NativeMethodAccessorImpl.invoke(Unknown Source) ~[?:1.7.0_60]
	at sun.reflect.DelegatingMethodAccessorImpl.invoke(Unknown Source) ~[?:1.7.0_60]
	at java.lang.reflect.Method.invoke(Unknown Source) ~[?:1.7.0_60]
	at net.minecraft.launchwrapper.Launch.launch(Launch.java:134) [launchwrapper-1.9.jar:?]
	at net.minecraft.launchwrapper.Launch.main(Launch.java:28) [launchwrapper-1.9.jar:?]
[22:48:41] [Client thread/ERROR]: Using missing texture, unable to load narutocraft:textures/items/jutsu/InyuShometsu.png
java.io.FileNotFoundException: narutocraft:textures/items/jutsu/InyuShometsu.png
	at net.minecraft.client.resources.FallbackResourceManager.getResource(FallbackResourceManager.java:65) ~[FallbackResourceManager.class:?]
	at net.minecraft.client.resources.SimpleReloadableResourceManager.getResource(SimpleReloadableResourceManager.java:67) ~[SimpleReloadableResourceManager.class:?]
	at net.minecraft.client.renderer.texture.TextureMap.loadTextureAtlas(TextureMap.java:126) [TextureMap.class:?]
	at net.minecraft.client.renderer.texture.TextureMap.loadTexture(TextureMap.java:91) [TextureMap.class:?]
	at net.minecraft.client.renderer.texture.TextureManager.loadTexture(TextureManager.java:89) [TextureManager.class:?]
	at net.minecraft.client.renderer.texture.TextureManager.onResourceManagerReload(TextureManager.java:170) [TextureManager.class:?]
	at net.minecraft.client.resources.SimpleReloadableResourceManager.notifyReloadListeners(SimpleReloadableResourceManager.java:134) [SimpleReloadableResourceManager.class:?]
	at net.minecraft.client.resources.SimpleReloadableResourceManager.reloadResources(SimpleReloadableResourceManager.java:118) [SimpleReloadableResourceManager.class:?]
	at net.minecraft.client.Minecraft.refreshResources(Minecraft.java:626) [Minecraft.class:?]
	at cpw.mods.fml.client.FMLClientHandler.finishMinecraftLoading(FMLClientHandler.java:303) [FMLClientHandler.class:?]
	at net.minecraft.client.Minecraft.startGame(Minecraft.java:585) [Minecraft.class:?]
	at net.minecraft.client.Minecraft.run(Minecraft.java:892) [Minecraft.class:?]
	at net.minecraft.client.main.Main.main(Main.java:112) [Main.class:?]
	at sun.reflect.NativeMethodAccessorImpl.invoke0(Native Method) ~[?:1.7.0_60]
	at sun.reflect.NativeMethodAccessorImpl.invoke(Unknown Source) ~[?:1.7.0_60]
	at sun.reflect.DelegatingMethodAccessorImpl.invoke(Unknown Source) ~[?:1.7.0_60]
	at java.lang.reflect.Method.invoke(Unknown Source) ~[?:1.7.0_60]
	at net.minecraft.launchwrapper.Launch.launch(Launch.java:134) [launchwrapper-1.9.jar:?]
	at net.minecraft.launchwrapper.Launch.main(Launch.java:28) [launchwrapper-1.9.jar:?]
[22:48:41] [Client thread/INFO]: Created: 512x256 textures/items-atlas
[22:48:41] [Client thread/ERROR]: Using missing texture, unable to load narutocraft:textures/blocks/byoin.png
java.io.FileNotFoundException: narutocraft:textures/blocks/byoin.png
	at net.minecraft.client.resources.FallbackResourceManager.getResource(FallbackResourceManager.java:65) ~[FallbackResourceManager.class:?]
	at net.minecraft.client.resources.SimpleReloadableResourceManager.getResource(SimpleReloadableResourceManager.java:67) ~[SimpleReloadableResourceManager.class:?]
	at net.minecraft.client.renderer.texture.TextureMap.loadTextureAtlas(TextureMap.java:126) [TextureMap.class:?]
	at net.minecraft.client.renderer.texture.TextureMap.loadTexture(TextureMap.java:91) [TextureMap.class:?]
	at net.minecraft.client.renderer.texture.TextureManager.loadTexture(TextureManager.java:89) [TextureManager.class:?]
	at net.minecraft.client.renderer.texture.TextureManager.onResourceManagerReload(TextureManager.java:170) [TextureManager.class:?]
	at net.minecraft.client.resources.SimpleReloadableResourceManager.notifyReloadListeners(SimpleReloadableResourceManager.java:134) [SimpleReloadableResourceManager.class:?]
	at net.minecraft.client.resources.SimpleReloadableResourceManager.reloadResources(SimpleReloadableResourceManager.java:118) [SimpleReloadableResourceManager.class:?]
	at net.minecraft.client.Minecraft.refreshResources(Minecraft.java:626) [Minecraft.class:?]
	at cpw.mods.fml.client.FMLClientHandler.finishMinecraftLoading(FMLClientHandler.java:303) [FMLClientHandler.class:?]
	at net.minecraft.client.Minecraft.startGame(Minecraft.java:585) [Minecraft.class:?]
	at net.minecraft.client.Minecraft.run(Minecraft.java:892) [Minecraft.class:?]
	at net.minecraft.client.main.Main.main(Main.java:112) [Main.class:?]
	at sun.reflect.NativeMethodAccessorImpl.invoke0(Native Method) ~[?:1.7.0_60]
	at sun.reflect.NativeMethodAccessorImpl.invoke(Unknown Source) ~[?:1.7.0_60]
	at sun.reflect.DelegatingMethodAccessorImpl.invoke(Unknown Source) ~[?:1.7.0_60]
	at java.lang.reflect.Method.invoke(Unknown Source) ~[?:1.7.0_60]
	at net.minecraft.launchwrapper.Launch.launch(Launch.java:134) [launchwrapper-1.9.jar:?]
	at net.minecraft.launchwrapper.Launch.main(Launch.java:28) [launchwrapper-1.9.jar:?]
[22:48:41] [Client thread/INFO]: Created: 512x256 textures/blocks-atlas
[22:48:41] [Client thread/WARN]: Invalid sounds.json
java.lang.NullPointerException
	at net.minecraft.client.audio.SoundHandler.onResourceManagerReload(SoundHandler.java:84) [SoundHandler.class:?]
	at net.minecraft.client.resources.SimpleReloadableResourceManager.notifyReloadListeners(SimpleReloadableResourceManager.java:134) [SimpleReloadableResourceManager.class:?]
	at net.minecraft.client.resources.SimpleReloadableResourceManager.reloadResources(SimpleReloadableResourceManager.java:118) [SimpleReloadableResourceManager.class:?]
	at net.minecraft.client.Minecraft.refreshResources(Minecraft.java:626) [Minecraft.class:?]
	at cpw.mods.fml.client.FMLClientHandler.finishMinecraftLoading(FMLClientHandler.java:303) [FMLClientHandler.class:?]
	at net.minecraft.client.Minecraft.startGame(Minecraft.java:585) [Minecraft.class:?]
	at net.minecraft.client.Minecraft.run(Minecraft.java:892) [Minecraft.class:?]
	at net.minecraft.client.main.Main.main(Main.java:112) [Main.class:?]
	at sun.reflect.NativeMethodAccessorImpl.invoke0(Native Method) ~[?:1.7.0_60]
	at sun.reflect.NativeMethodAccessorImpl.invoke(Unknown Source) ~[?:1.7.0_60]
	at sun.reflect.DelegatingMethodAccessorImpl.invoke(Unknown Source) ~[?:1.7.0_60]
	at java.lang.reflect.Method.invoke(Unknown Source) ~[?:1.7.0_60]
	at net.minecraft.launchwrapper.Launch.launch(Launch.java:134) [launchwrapper-1.9.jar:?]
	at net.minecraft.launchwrapper.Launch.main(Launch.java:28) [launchwrapper-1.9.jar:?]
[22:48:43] [Sound Library Loader/INFO]: Sound engine started
[22:48:44] [MCO Availability Checker #1/ERROR]: Couldn't connect to Realms
[22:48:45] [Client thread/WARN]: Unable to play unknown soundEvent: minecraft:gui.button.press
[22:48:46] [Client thread/WARN]: Unable to play unknown soundEvent: minecraft:gui.button.press
[22:48:47] [Server thread/INFO]: Starting integrated minecraft server version 1.7.2
[22:48:47] [Server thread/INFO]: Generating keypair
[22:48:48] [Server thread/INFO]: Preparing start region for level 0
[22:48:49] [Server thread/INFO]: Preparing spawn area: 21%
[22:48:50] [Server thread/INFO]: Preparing spawn area: 78%
[22:48:52] [Server thread/INFO]: Player777[local:E:76f0aedc] logged in with entity id 361 at (275.99152089366316, 69.36445605997292, 349.8490947257884)
[22:48:52] [Server thread/INFO]: Player777 joined the game
[22:48:54] [Client thread/WARN]: Unable to play unknown soundEvent: minecraft:minecart.base
[22:48:54] [Server thread/WARN]: Can't keep up! Did the system time change, or is the server overloaded? Running 2910ms behind, skipping 58 tick(s)
[22:48:55] [Client thread/WARN]: Unable to play unknown soundEvent: minecraft:minecart.base
[22:48:55] [Client thread/WARN]: Unable to play unknown soundEvent: minecraft:minecart.base
[22:48:59] [Server thread/INFO]: Player777 has just earned the achievement [Taking Inventory]
[22:48:59] [Client thread/INFO]: [CHAT] Player777 has just earned the achievement [Taking Inventory]
[22:48:59] [Client thread/WARN]: Unable to play unknown soundEvent: minecraft:music.game.creative
[22:49:01] [Client thread/WARN]: Unable to play unknown soundEvent: minecraft:gui.button.press
[22:49:10] [Client thread/WARN]: Unable to play unknown soundEvent: minecraft:gui.button.press
[22:49:11] [Client thread/WARN]: Unable to play unknown soundEvent: minecraft:gui.button.press
[22:49:11] [Client thread/WARN]: Unable to play unknown soundEvent: minecraft:gui.button.press
[22:49:11] [Client thread/WARN]: Unable to play unknown soundEvent: minecraft:gui.button.press
[22:49:12] [Client thread/WARN]: Unable to play unknown soundEvent: minecraft:gui.button.press
[22:49:12] [Client thread/WARN]: Unable to play unknown soundEvent: minecraft:gui.button.press
[22:49:18] [Server thread/INFO]: Saving and pausing game...
[22:49:18] [Server thread/INFO]: Saving chunks for level 'Test'/Overworld
[22:49:18] [Server thread/INFO]: Saving chunks for level 'Test'/Nether
[22:49:18] [Server thread/INFO]: Saving chunks for level 'Test'/The End
[22:49:19] [Client thread/WARN]: Unable to play unknown soundEvent: minecraft:gui.button.press
[22:49:19] [Server thread/INFO]: Stopping server
[22:49:19] [Server thread/INFO]: Saving players
[22:49:19] [Server thread/INFO]: Saving worlds
[22:49:19] [Server thread/INFO]: Saving chunks for level 'Test'/Overworld
[22:49:19] [Server thread/INFO]: Saving chunks for level 'Test'/Nether
[22:49:19] [Server thread/INFO]: Saving chunks for level 'Test'/The End
[22:49:20] [Client thread/INFO]: Stopping!
